VirtualBox VM 4.2.12 r84980 win.amd64 (Apr 12 2013 11:35:06) release log
00:00:00.881631 Log opened 2013-05-08T21:29:03.120410700Z
00:00:00.881639 OS Product: Windows 8
00:00:00.881641 OS Release: 6.2.9200
00:00:00.881642 OS Service Pack: 
00:00:00.881652 Host RAM: 4025MB total, 2250MB available
00:00:00.881657 Executable: C:\Program Files\Oracle\VirtualBox\VirtualBox.exe
00:00:00.881658 Process ID: 1248
00:00:00.881658 Package type: WINDOWS_64BITS_GENERIC
00:00:00.892573 Installed Extension Packs:
00:00:00.892626   None installed!
00:00:00.959924 SUP: Loaded VMMR0.r0 (C:\Program Files\Oracle\VirtualBox\VMMR0.r0) at 0xfffff880194a3000 - ModuleInit at fffff880194b9e40 and ModuleTerm at fffff880194ba150 using the native ring-0 loader
00:00:00.960076 SUP: VMMR0EntryEx located at fffff880194bb190, VMMR0EntryFast at fffff880194ba340 and VMMR0EntryInt at fffff880194ba330
00:00:00.960086 SUP: windbg> .reload /f C:\Program Files\Oracle\VirtualBox\VMMR0.r0=0xfffff880194a3000
00:00:00.965491 OS type: 'DOS'
00:00:00.986366 File system of 'C:\Users\OSDEV\VirtualBox VMs\MonsterOS\Snapshots' (snapshots) is unknown
00:00:00.986385 File system of 'C:\Users\OSDEV\VirtualBox VMs\MonsterOS\hdisk.vhd' is ntfs
00:00:01.041716 Shared clipboard mode: Off
00:00:01.042790 Drag'n'drop mode: Off
00:00:01.049946 ************************* CFGM dump *************************
00:00:01.049955 [/] (level 0)
00:00:01.049960   CSAMEnabled     <integer> = 0x0000000000000001 (1)
00:00:01.049962   CpuExecutionCap <integer> = 0x0000000000000064 (100)
00:00:01.049964   EnablePAE       <integer> = 0x0000000000000000 (0)
00:00:01.049965   HwVirtExtForced <integer> = 0x0000000000000000 (0)
00:00:01.049967   MemBalloonSize  <integer> = 0x0000000000000000 (0)
00:00:01.049968   Name            <string>  = "MonsterOS" (cb=10)
00:00:01.049970   NumCPUs         <integer> = 0x0000000000000001 (1)
00:00:01.049971   PATMEnabled     <integer> = 0x0000000000000001 (1)
00:00:01.049973   PageFusion      <integer> = 0x0000000000000000 (0)
00:00:01.049974   RamHoleSize     <integer> = 0x0000000020000000 (536 870 912, 512 MB)
00:00:01.049977   RamSize         <integer> = 0x0000000002000000 (33 554 432, 32 MB)
00:00:01.049984   RawR0Enabled    <integer> = 0x0000000000000001 (1)
00:00:01.049986   RawR3Enabled    <integer> = 0x0000000000000001 (1)
00:00:01.049987   TimerMillies    <integer> = 0x000000000000000a (10)
00:00:01.049988   UUID            <bytes>   = "44 73 fe 8d 6e 85 67 4b 84 c6 9c 0b b2 f7 2f b1" (cb=16)
00:00:01.049993 
00:00:01.049994 [/CPUM/] (level 1)
00:00:01.049995   SyntheticCpu <integer> = 0x0000000000000000 (0)
00:00:01.049997 
00:00:01.049997 [/DBGF/] (level 1)
00:00:01.049999   Path <string>  = "C:\Users\OSDEV\VirtualBox VMs\MonsterOS/debug/;C:\Users\OSDEV\VirtualBox VMs\MonsterOS/;C:\Users\OSDEV/" (cb=104)
00:00:01.050000 
00:00:01.050001 [/Devices/] (level 1)
00:00:01.050002 
00:00:01.050003 [/Devices/8237A/] (level 2)
00:00:01.050005 
00:00:01.050005 [/Devices/8237A/0/] (level 3)
00:00:01.050007   Trusted <integer> = 0x0000000000000001 (1)
00:00:01.050008 
00:00:01.050009 [/Devices/AudioSniffer/] (level 2)
00:00:01.050011 
00:00:01.050012 [/Devices/AudioSniffer/0/] (level 3)
00:00:01.050014 
00:00:01.050014 [/Devices/AudioSniffer/0/Config/] (level 4)
00:00:01.050016 
00:00:01.050017 [/Devices/AudioSniffer/0/LUN#0/] (level 4)
00:00:01.050019   Driver <string>  = "MainAudioSniffer" (cb=17)
00:00:01.050020 
00:00:01.050021 [/Devices/AudioSniffer/0/LUN#0/Config/] (level 5)
00:00:01.050023   Object <integer> = 0x0000000002471100 (38 211 840)
00:00:01.050025 
00:00:01.050026 [/Devices/VMMDev/] (level 2)
00:00:01.050027 
00:00:01.050028 [/Devices/VMMDev/0/] (level 3)
00:00:01.050030   PCIBusNo      <integer> = 0x0000000000000000 (0)
00:00:01.050032   PCIDeviceNo   <integer> = 0x0000000000000004 (4)
00:00:01.050033   PCIFunctionNo <integer> = 0x0000000000000000 (0)
00:00:01.050034   Trusted       <integer> = 0x0000000000000001 (1)
00:00:01.050035 
00:00:01.050036 [/Devices/VMMDev/0/Config/] (level 4)
00:00:01.050038   GuestCoreDumpDir <string>  = "C:\Users\OSDEV\VirtualBox VMs\MonsterOS\Snapshots" (cb=50)
00:00:01.050040   RamSize          <integer> = 0x0000000002000000 (33 554 432, 32 MB)
00:00:01.050042 
00:00:01.050042 [/Devices/VMMDev/0/LUN#0/] (level 4)
00:00:01.050045   Driver <string>  = "HGCM" (cb=5)
00:00:01.050046 
00:00:01.050046 [/Devices/VMMDev/0/LUN#0/Config/] (level 5)
00:00:01.050049   Object <integer> = 0x0000000003919dd0 (59 874 768)
00:00:01.050050 
00:00:01.050051 [/Devices/VMMDev/0/LUN#999/] (level 4)
00:00:01.050053   Driver <string>  = "MainStatus" (cb=11)
00:00:01.050055 
00:00:01.050055 [/Devices/VMMDev/0/LUN#999/Config/] (level 5)
00:00:01.050058   First   <integer> = 0x0000000000000000 (0)
00:00:01.050060   Last    <integer> = 0x0000000000000000 (0)
00:00:01.050061   papLeds <integer> = 0x0000000002475508 (38 229 256)
00:00:01.050063 
00:00:01.050063 [/Devices/acpi/] (level 2)
00:00:01.050065 
00:00:01.050066 [/Devices/acpi/0/] (level 3)
00:00:01.050068   PCIBusNo      <integer> = 0x0000000000000000 (0)
00:00:01.050069   PCIDeviceNo   <integer> = 0x0000000000000007 (7)
00:00:01.050070   PCIFunctionNo <integer> = 0x0000000000000000 (0)
00:00:01.050072   Trusted       <integer> = 0x0000000000000001 (1)
00:00:01.050073 
00:00:01.050073 [/Devices/acpi/0/Config/] (level 4)
00:00:01.050077   CpuHotPlug        <integer> = 0x0000000000000000 (0)
00:00:01.050079   FdcEnabled        <integer> = 0x0000000000000001 (1)
00:00:01.050080   HostBusPciAddress <integer> = 0x0000000000000000 (0)
00:00:01.050081   HpetEnabled       <integer> = 0x0000000000000000 (0)
00:00:01.050082   IOAPIC            <integer> = 0x0000000000000000 (0)
00:00:01.050084   IocPciAddress     <integer> = 0x0000000000010000 (65 536)
00:00:01.050085   NumCPUs           <integer> = 0x0000000000000001 (1)
00:00:01.050087   RamHoleSize       <integer> = 0x0000000020000000 (536 870 912, 512 MB)
00:00:01.050089   RamSize           <integer> = 0x0000000002000000 (33 554 432, 32 MB)
00:00:01.050091   Serial0IoPortBase <integer> = 0x0000000000000000 (0)
00:00:01.050092   Serial0Irq        <integer> = 0x0000000000000000 (0)
00:00:01.050094   Serial1IoPortBase <integer> = 0x0000000000000000 (0)
00:00:01.050095   Serial1Irq        <integer> = 0x0000000000000000 (0)
00:00:01.050096   ShowCpu           <integer> = 0x0000000000000000 (0)
00:00:01.050098   ShowRtc           <integer> = 0x0000000000000000 (0)
00:00:01.050099   SmcEnabled        <integer> = 0x0000000000000000 (0)
00:00:01.050100 
00:00:01.050101 [/Devices/acpi/0/LUN#0/] (level 4)
00:00:01.050103   Driver <string>  = "ACPIHost" (cb=9)
00:00:01.050104 
00:00:01.050105 [/Devices/acpi/0/LUN#0/Config/] (level 5)
00:00:01.050107 
00:00:01.050108 [/Devices/apic/] (level 2)
00:00:01.050109 
00:00:01.050110 [/Devices/apic/0/] (level 3)
00:00:01.050112   Trusted <integer> = 0x0000000000000001 (1)
00:00:01.050113 
00:00:01.050114 [/Devices/apic/0/Config/] (level 4)
00:00:01.050116   IOAPIC  <integer> = 0x0000000000000000 (0)
00:00:01.050117   NumCPUs <integer> = 0x0000000000000001 (1)
00:00:01.050119 
00:00:01.050119 [/Devices/e1000/] (level 2)
00:00:01.050121 
00:00:01.050121 [/Devices/i82078/] (level 2)
00:00:01.050123 
00:00:01.050124 [/Devices/i82078/0/] (level 3)
00:00:01.050125   Trusted <integer> = 0x0000000000000001 (1)
00:00:01.050127 
00:00:01.050127 [/Devices/i82078/0/Config/] (level 4)
00:00:01.050130   DMA       <integer> = 0x0000000000000002 (2)
00:00:01.050131   IOBase    <integer> = 0x00000000000003f0 (1 008)
00:00:01.050133   IRQ       <integer> = 0x0000000000000006 (6)
00:00:01.050134   MemMapped <integer> = 0x0000000000000000 (0)
00:00:01.050135 
00:00:01.050136 [/Devices/i82078/0/LUN#999/] (level 4)
00:00:01.050138   Driver <string>  = "MainStatus" (cb=11)
00:00:01.050139 
00:00:01.050140 [/Devices/i82078/0/LUN#999/Config/] (level 5)
00:00:01.050143   DeviceInstance        <string>  = "i82078/0" (cb=9)
00:00:01.050144   First                 <integer> = 0x0000000000000000 (0)
00:00:01.050146   Last                  <integer> = 0x0000000000000001 (1)
00:00:01.050147   pConsole              <integer> = 0x0000000002474f00 (38 227 712)
00:00:01.050149   papLeds               <integer> = 0x0000000002475208 (38 228 488)
00:00:01.050151   pmapMediumAttachments <integer> = 0x0000000002475520 (38 229 280)
00:00:01.050153 
00:00:01.050154 [/Devices/i8254/] (level 2)
00:00:01.050156 
00:00:01.050156 [/Devices/i8254/0/] (level 3)
00:00:01.050158 
00:00:01.050159 [/Devices/i8254/0/Config/] (level 4)
00:00:01.050161 
00:00:01.050161 [/Devices/i8259/] (level 2)
00:00:01.050163 
00:00:01.050163 [/Devices/i8259/0/] (level 3)
00:00:01.050166   Trusted <integer> = 0x0000000000000001 (1)
00:00:01.050167 
00:00:01.050167 [/Devices/i8259/0/Config/] (level 4)
00:00:01.050169 
00:00:01.050170 [/Devices/mc146818/] (level 2)
00:00:01.050172 
00:00:01.050172 [/Devices/mc146818/0/] (level 3)
00:00:01.050174 
00:00:01.050175 [/Devices/mc146818/0/Config/] (level 4)
00:00:01.050177   UseUTC <integer> = 0x0000000000000000 (0)
00:00:01.050178 
00:00:01.050178 [/Devices/parallel/] (level 2)
00:00:01.050180 
00:00:01.050181 [/Devices/pcarch/] (level 2)
00:00:01.050182 
00:00:01.050183 [/Devices/pcarch/0/] (level 3)
00:00:01.050185   Trusted <integer> = 0x0000000000000001 (1)
00:00:01.050186 
00:00:01.050186 [/Devices/pcarch/0/Config/] (level 4)
00:00:01.050188 
00:00:01.050189 [/Devices/pcbios/] (level 2)
00:00:01.050191 
00:00:01.050191 [/Devices/pcbios/0/] (level 3)
00:00:01.050193   Trusted <integer> = 0x0000000000000001 (1)
00:00:01.050194 
00:00:01.050195 [/Devices/pcbios/0/Config/] (level 4)
00:00:01.050198   BootDevice0    <string>  = "IDE" (cb=4)
00:00:01.050199   BootDevice1    <string>  = "NONE" (cb=5)
00:00:01.050201   BootDevice2    <string>  = "NONE" (cb=5)
00:00:01.050202   BootDevice3    <string>  = "NONE" (cb=5)
00:00:01.050203   FloppyDevice   <string>  = "i82078" (cb=7)
00:00:01.050204   HardDiskDevice <string>  = "piix3ide" (cb=9)
00:00:01.050205   IOAPIC         <integer> = 0x0000000000000000 (0)
00:00:01.050206   McfgBase       <integer> = 0x0000000000000000 (0)
00:00:01.050207   McfgLength     <integer> = 0x0000000000000000 (0)
00:00:01.050209   NumCPUs        <integer> = 0x0000000000000001 (1)
00:00:01.050210   PXEDebug       <integer> = 0x0000000000000000 (0)
00:00:01.050211   RamHoleSize    <integer> = 0x0000000020000000 (536 870 912, 512 MB)
00:00:01.050214   RamSize        <integer> = 0x0000000002000000 (33 554 432, 32 MB)
00:00:01.050216   UUID           <bytes>   = "44 73 fe 8d 6e 85 67 4b 84 c6 9c 0b b2 f7 2f b1" (cb=16)
00:00:01.050219 
00:00:01.050220 [/Devices/pcbios/0/Config/NetBoot/] (level 5)
00:00:01.050222 
00:00:01.050223 [/Devices/pcbios/0/Config/NetBoot/0/] (level 6)
00:00:01.050225   NIC           <integer> = 0x0000000000000000 (0)
00:00:01.050227   PCIBusNo      <integer> = 0x0000000000000000 (0)
00:00:01.050228   PCIDeviceNo   <integer> = 0x0000000000000003 (3)
00:00:01.050230   PCIFunctionNo <integer> = 0x0000000000000000 (0)
00:00:01.050231 
00:00:01.050231 [/Devices/pci/] (level 2)
00:00:01.050233 
00:00:01.050233 [/Devices/pci/0/] (level 3)
00:00:01.050235   Trusted <integer> = 0x0000000000000001 (1)
00:00:01.050237 
00:00:01.050237 [/Devices/pci/0/Config/] (level 4)
00:00:01.050239   IOAPIC <integer> = 0x0000000000000000 (0)
00:00:01.050241 
00:00:01.050241 [/Devices/pckbd/] (level 2)
00:00:01.050243 
00:00:01.050243 [/Devices/pckbd/0/] (level 3)
00:00:01.050245   Trusted <integer> = 0x0000000000000001 (1)
00:00:01.050247 
00:00:01.050247 [/Devices/pckbd/0/Config/] (level 4)
00:00:01.050249 
00:00:01.050250 [/Devices/pckbd/0/LUN#0/] (level 4)
00:00:01.050252   Driver <string>  = "KeyboardQueue" (cb=14)
00:00:01.050253 
00:00:01.050254 [/Devices/pckbd/0/LUN#0/AttachedDriver/] (level 5)
00:00:01.050256   Driver <string>  = "MainKeyboard" (cb=13)
00:00:01.050257 
00:00:01.050258 [/Devices/pckbd/0/LUN#0/AttachedDriver/Config/] (level 6)
00:00:01.050261   Object <integer> = 0x00000000023a3d90 (37 371 280)
00:00:01.050263 
00:00:01.050263 [/Devices/pckbd/0/LUN#0/Config/] (level 5)
00:00:01.050265   QueueSize <integer> = 0x0000000000000040 (64)
00:00:01.050267 
00:00:01.050267 [/Devices/pckbd/0/LUN#1/] (level 4)
00:00:01.050270   Driver <string>  = "MouseQueue" (cb=11)
00:00:01.050271 
00:00:01.050271 [/Devices/pckbd/0/LUN#1/AttachedDriver/] (level 5)
00:00:01.050274   Driver <string>  = "MainMouse" (cb=10)
00:00:01.050275 
00:00:01.050275 [/Devices/pckbd/0/LUN#1/AttachedDriver/Config/] (level 6)
00:00:01.050278   Object <integer> = 0x00000000023b8b00 (37 456 640)
00:00:01.050280 
00:00:01.050280 [/Devices/pckbd/0/LUN#1/Config/] (level 5)
00:00:01.050283   QueueSize <integer> = 0x0000000000000080 (128)
00:00:01.050284 
00:00:01.050285 [/Devices/pcnet/] (level 2)
00:00:01.050286 
00:00:01.050287 [/Devices/pcnet/0/] (level 3)
00:00:01.050289   PCIBusNo      <integer> = 0x0000000000000000 (0)
00:00:01.050291   PCIDeviceNo   <integer> = 0x0000000000000003 (3)
00:00:01.050292   PCIFunctionNo <integer> = 0x0000000000000000 (0)
00:00:01.050293   Trusted       <integer> = 0x0000000000000001 (1)
00:00:01.050294 
00:00:01.050295 [/Devices/pcnet/0/Config/] (level 4)
00:00:01.050298   Am79C973       <integer> = 0x0000000000000001 (1)
00:00:01.050299   CableConnected <integer> = 0x0000000000000001 (1)
00:00:01.050300   LineSpeed      <integer> = 0x0000000000000000 (0)
00:00:01.050302   MAC            <bytes>   = "08 00 27 cc 93 87" (cb=6)
00:00:01.050304 
00:00:01.050304 [/Devices/pcnet/0/LUN#0/] (level 4)
00:00:01.050306   Driver <string>  = "NAT" (cb=4)
00:00:01.050307 
00:00:01.050308 [/Devices/pcnet/0/LUN#0/Config/] (level 5)
00:00:01.050311   AliasMode       <integer> = 0x0000000000000000 (0)
00:00:01.050312   BootFile        <string>  = "MonsterOS.pxe" (cb=14)
00:00:01.050314   DNSProxy        <integer> = 0x0000000000000000 (0)
00:00:01.050315   Network         <string>  = "10.0.2.0/24" (cb=12)
00:00:01.050316   PassDomain      <integer> = 0x0000000000000001 (1)
00:00:01.050318   TFTPPrefix      <string>  = "C:\Users\OSDEV/.VirtualBox\TFTP" (cb=32)
00:00:01.050319   UseHostResolver <integer> = 0x0000000000000000 (0)
00:00:01.050320 
00:00:01.050321 [/Devices/pcnet/0/LUN#999/] (level 4)
00:00:01.050323   Driver <string>  = "MainStatus" (cb=11)
00:00:01.050324 
00:00:01.050325 [/Devices/pcnet/0/LUN#999/Config/] (level 5)
00:00:01.050328   First   <integer> = 0x0000000000000000 (0)
00:00:01.050329   Last    <integer> = 0x0000000000000000 (0)
00:00:01.050330   papLeds <integer> = 0x00000000024753e8 (38 228 968)
00:00:01.050332 
00:00:01.050332 [/Devices/piix3ide/] (level 2)
00:00:01.050334 
00:00:01.050335 [/Devices/piix3ide/0/] (level 3)
00:00:01.050337   PCIBusNo      <integer> = 0x0000000000000000 (0)
00:00:01.050338   PCIDeviceNo   <integer> = 0x0000000000000001 (1)
00:00:01.050339   PCIFunctionNo <integer> = 0x0000000000000001 (1)
00:00:01.050340   Trusted       <integer> = 0x0000000000000001 (1)
00:00:01.050342 
00:00:01.050342 [/Devices/piix3ide/0/Config/] (level 4)
00:00:01.050345   Type <string>  = "PIIX4" (cb=6)
00:00:01.050346 
00:00:01.050346 [/Devices/piix3ide/0/Config/PrimaryMaster/] (level 5)
00:00:01.050349   NonRotationalMedium <integer> = 0x0000000000000000 (0)
00:00:01.050350 
00:00:01.050350 [/Devices/piix3ide/0/Config/SecondaryMaster/] (level 5)
00:00:01.050353   NonRotationalMedium <integer> = 0x0000000000000000 (0)
00:00:01.050354 
00:00:01.050355 [/Devices/piix3ide/0/LUN#0/] (level 4)
00:00:01.050357   Driver <string>  = "Block" (cb=6)
00:00:01.050358 
00:00:01.050358 [/Devices/piix3ide/0/LUN#0/AttachedDriver/] (level 5)
00:00:01.050361   Driver <string>  = "VD" (cb=3)
00:00:01.050362 
00:00:01.050362 [/Devices/piix3ide/0/LUN#0/AttachedDriver/Config/] (level 6)
00:00:01.050365   Format <string>  = "VHD" (cb=4)
00:00:01.050366   Path   <string>  = "C:\Users\OSDEV\VirtualBox VMs\MonsterOS\hdisk.vhd" (cb=50)
00:00:01.050367   Type   <string>  = "HardDisk" (cb=9)
00:00:01.050369 
00:00:01.050369 [/Devices/piix3ide/0/LUN#0/Config/] (level 5)
00:00:01.050372   Mountable <integer> = 0x0000000000000000 (0)
00:00:01.050373   Type      <string>  = "HardDisk" (cb=9)
00:00:01.050374 
00:00:01.050374 [/Devices/piix3ide/0/LUN#2/] (level 4)
00:00:01.050377   Driver <string>  = "Block" (cb=6)
00:00:01.050378 
00:00:01.050378 [/Devices/piix3ide/0/LUN#2/Config/] (level 5)
00:00:01.050381   Mountable <integer> = 0x0000000000000001 (1)
00:00:01.050382   Type      <string>  = "DVD" (cb=4)
00:00:01.050383 
00:00:01.050384 [/Devices/piix3ide/0/LUN#999/] (level 4)
00:00:01.050386   Driver <string>  = "MainStatus" (cb=11)
00:00:01.050387 
00:00:01.050388 [/Devices/piix3ide/0/LUN#999/Config/] (level 5)
00:00:01.050391   DeviceInstance        <string>  = "piix3ide/0" (cb=11)
00:00:01.050392   First                 <integer> = 0x0000000000000000 (0)
00:00:01.050394   Last                  <integer> = 0x0000000000000003 (3)
00:00:01.050395   pConsole              <integer> = 0x0000000002474f00 (38 227 712)
00:00:01.050397   papLeds               <integer> = 0x0000000002475218 (38 228 504)
00:00:01.050399   pmapMediumAttachments <integer> = 0x0000000002475520 (38 229 280)
00:00:01.050401 
00:00:01.050401 [/Devices/sb16/] (level 2)
00:00:01.050403 
00:00:01.050403 [/Devices/sb16/0/] (level 3)
00:00:01.050406   Trusted <integer> = 0x0000000000000001 (1)
00:00:01.050407 
00:00:01.050408 [/Devices/sb16/0/Config/] (level 4)
00:00:01.050410   DMA     <integer> = 0x0000000000000001 (1)
00:00:01.050412   DMA16   <integer> = 0x0000000000000005 (5)
00:00:01.050413   IRQ     <integer> = 0x0000000000000005 (5)
00:00:01.050414   Port    <integer> = 0x0000000000000220 (544)
00:00:01.050415   Version <integer> = 0x0000000000000405 (1 029)
00:00:01.050417 
00:00:01.050417 [/Devices/sb16/0/LUN#0/] (level 4)
00:00:01.050420   Driver <string>  = "AUDIO" (cb=6)
00:00:01.050421 
00:00:01.050421 [/Devices/sb16/0/LUN#0/Config/] (level 5)
00:00:01.050424   AudioDriver <string>  = "dsound" (cb=7)
00:00:01.050425   StreamName  <string>  = "MonsterOS" (cb=10)
00:00:01.050426 
00:00:01.050427 [/Devices/serial/] (level 2)
00:00:01.050429 
00:00:01.050429 [/Devices/vga/] (level 2)
00:00:01.050431 
00:00:01.050431 [/Devices/vga/0/] (level 3)
00:00:01.050433   PCIBusNo      <integer> = 0x0000000000000000 (0)
00:00:01.050434   PCIDeviceNo   <integer> = 0x0000000000000002 (2)
00:00:01.050436   PCIFunctionNo <integer> = 0x0000000000000000 (0)
00:00:01.050437   Trusted       <integer> = 0x0000000000000001 (1)
00:00:01.050438 
00:00:01.050439 [/Devices/vga/0/Config/] (level 4)
00:00:01.050441   CustomVideoModes <integer> = 0x0000000000000000 (0)
00:00:01.050443   FadeIn           <integer> = 0x0000000000000001 (1)
00:00:01.050444   FadeOut          <integer> = 0x0000000000000001 (1)
00:00:01.050445   HeightReduction  <integer> = 0x0000000000000000 (0)
00:00:01.050447   LogoFile         <string>  = "" (cb=1)
00:00:01.050448   LogoTime         <integer> = 0x0000000000000000 (0)
00:00:01.050449   MonitorCount     <integer> = 0x0000000000000001 (1)
00:00:01.050451   ShowBootMenu     <integer> = 0x0000000000000002 (2)
00:00:01.050452   VRamSize         <integer> = 0x0000000000700000 (7 340 032, 7 MB)
00:00:01.050454 
00:00:01.050455 [/Devices/vga/0/LUN#0/] (level 4)
00:00:01.050457   Driver <string>  = "MainDisplay" (cb=12)
00:00:01.050458 
00:00:01.050459 [/Devices/vga/0/LUN#0/Config/] (level 5)
00:00:01.050461   Object <integer> = 0x0000000002477f10 (38 240 016)
00:00:01.050463 
00:00:01.050463 [/Devices/virtio-net/] (level 2)
00:00:01.050465 
00:00:01.050466 [/HWVirtExt/] (level 1)
00:00:01.050468   EnableLargePages   <integer> = 0x0000000000000001 (1)
00:00:01.050469   EnableNestedPaging <integer> = 0x0000000000000001 (1)
00:00:01.050470   EnableVPID         <integer> = 0x0000000000000001 (1)
00:00:01.050472   Enabled            <integer> = 0x0000000000000001 (1)
00:00:01.050473   Exclusive          <integer> = 0x0000000000000000 (0)
00:00:01.050487 
00:00:01.050488 [/MM/] (level 1)
00:00:01.050490   CanUseLargerHeap <integer> = 0x0000000000000000 (0)
00:00:01.050491 
00:00:01.050491 [/PDM/] (level 1)
00:00:01.050493 
00:00:01.050493 [/PDM/AsyncCompletion/] (level 2)
00:00:01.050496 
00:00:01.050496 [/PDM/AsyncCompletion/File/] (level 3)
00:00:01.050498 
00:00:01.050499 [/PDM/AsyncCompletion/File/BwGroups/] (level 4)
00:00:01.050501 
00:00:01.050501 [/PDM/BlkCache/] (level 2)
00:00:01.050503   CacheSize <integer> = 0x0000000000500000 (5 242 880, 5 MB)
00:00:01.050505 
00:00:01.050506 [/PDM/Devices/] (level 2)
00:00:01.050507 
00:00:01.050508 [/PDM/Drivers/] (level 2)
00:00:01.050509 
00:00:01.050510 [/PDM/Drivers/VBoxC/] (level 3)
00:00:01.050512   Path <string>  = "VBoxC" (cb=6)
00:00:01.050513 
00:00:01.050513 [/PDM/NetworkShaper/] (level 2)
00:00:01.050515 
00:00:01.050516 [/PDM/NetworkShaper/BwGroups/] (level 3)
00:00:01.050518 
00:00:01.050518 [/TM/] (level 1)
00:00:01.050520   UTCOffset <integer> = 0x0000000000000000 (0)
00:00:01.050521 
00:00:01.050522 ********************* End of CFGM dump **********************
00:00:01.050610 MM: cbHyperHeap=0x140000 (1310720)
00:00:01.054983 Debug: HCPhysInterPD=00000000bb630000 HCPhysInterPaePDPT=00000000bb62d000 HCPhysInterPaePML4=00000000bb601000
00:00:01.055043 Debug: apInterPTs={00000000bb62f000,00000000bb62e000} apInterPaePTs={000000006dcb7000,00000000b1b78000} apInterPaePDs={0000000104f79000,0000000060b3a000,00000000652bb000,00000000b5cbc000} pInterPaePDPT64=00000000bb604000
00:00:01.055054 Host paging mode: AMD64+PGE+NX
00:00:01.055071 PGMPool: cMaxPages=48 (u64MaxPages=48)
00:00:01.055077 pgmR3PoolInit: cMaxPages=0x30 cMaxUsers=0x60 cMaxPhysExts=0x60 fCacheEnable=true 
00:00:01.063535 TM: GIP - u32Mode=1 (SyncTSC) u32UpdateHz=66
00:00:01.096149 TM: cTSCTicksPerSecond=0x818167ce (2 172 741 582) fTSCVirtualized=true  fTSCUseRealTSC=false
00:00:01.096160 TM: fMaybeUseOffsettedHostTSC=true  TSCTiedToExecution=false TSCNotTiedToHalt=false
00:00:01.096828 CoreCode: R3=0000000002540000 R0=fffffa8008a00000 RC=a01a0000 Phys=0000000069e8c000 cb=0x1000
00:00:01.101545 AIOMgr: Default manager type is "Async"
00:00:01.101573 AIOMgr: Default file backend is "NonBuffered"
00:00:01.101909 BlkCache: Cache successfully initialised. Cache size is 5242880 bytes
00:00:01.101921 BlkCache: Cache commit interval is 10000 ms
00:00:01.101926 BlkCache: Cache commit threshold is 2621440 bytes
00:00:01.105570 [SMP] BIOS with 1 CPUs
00:00:01.126483 SUP: Loaded VBoxDDR0.r0 (C:\Program Files\Oracle\VirtualBox\VBoxDDR0.r0) at 0xfffff88019534000 - ModuleInit at 0000000000000000 and ModuleTerm at 0000000000000000 using the native ring-0 loader
00:00:01.126512 SUP: windbg> .reload /f C:\Program Files\Oracle\VirtualBox\VBoxDDR0.r0=0xfffff88019534000
00:00:01.143029 SUP: Loaded VBoxDD2R0.r0 (C:\Program Files\Oracle\VirtualBox\VBoxDD2R0.r0) at 0xfffff88019557000 - ModuleInit at 0000000000000000 and ModuleTerm at 0000000000000000 using the native ring-0 loader
00:00:01.143059 SUP: windbg> .reload /f C:\Program Files\Oracle\VirtualBox\VBoxDD2R0.r0=0xfffff88019557000
00:00:01.143210 Activating Local APIC
00:00:01.143218 CPUMSetGuestCpuIdFeature: Enabled APIC
00:00:01.143223 CPUMClearGuestCpuIdFeature: Disabled x2APIC
00:00:01.143565 PIT: mode=3 count=0x10000 (65536) - 18.20 Hz (ch=0)
00:00:01.150219 Shared Folders service loaded.
00:00:01.158691 DrvBlock: Flushes will be ignored
00:00:01.158728 DrvBlock: Async flushes will be passed to the disk
00:00:01.159079 VDInit finished
00:00:01.159347 VD: Opening the disk took 584041 ns
00:00:01.159535 PIIX3 ATA: LUN#0: disk, PCHS=963/4/17, total number of sectors 65536
00:00:01.159551 PIIX3 ATA: LUN#1: no unit
00:00:01.159660 DrvBlock: Flushes will be ignored
00:00:01.159667 DrvBlock: Async flushes will be passed to the disk
00:00:01.159905 PIIX3 ATA: LUN#2: CD/DVD, total number of sectors 0, passthrough disabled
00:00:01.159918 PIIX3 ATA: LUN#3: no unit
00:00:01.160070 PIIX3 ATA: Ctl#0: finished processing RESET
00:00:01.160159 PIIX3 ATA: Ctl#1: finished processing RESET
00:00:01.178086 NAT: DNS#0: 205.152.144.23
00:00:01.178131 NAT: DNS#1: 205.152.132.23
00:00:01.178237 NAT: DNS#2: 8.8.8.8
00:00:01.178990 Audio: Trying driver 'dsound'.
00:00:01.223050 DevPcBios: ATA LUN#0 LCHS=963/4/17
00:00:01.223382 PGM: The CPU physical address width is 36 bits
00:00:01.223393 PGMR3InitFinalize: 4 MB PSE mask 0000000fffffffff
00:00:01.229260 VMM: fUsePeriodicPreemptionTimers=false
00:00:01.229306 Logical host processors: 2 present, 2 max, 2 online, online mask: 0000000000000003
00:00:01.229309 ************************* CPUID dump ************************
00:00:01.229319          RAW Standard CPUIDs
00:00:01.229319      Function  eax      ebx      ecx      edx
00:00:01.229320 Gst: 00000000  00000005 756e6547 6c65746e 49656e69
00:00:01.229323 Hst:           0000000d 756e6547 6c65746e 49656e69
00:00:01.229325 Gst: 00000001  0001067a 00000800 00000209 078bf3bf
00:00:01.229326 Hst:           0001067a 01020800 0c08e39d bfebfbff
00:00:01.229328 Gst: 00000002  05b0b101 005657f0 00000000 2cb4307d
00:00:01.229330 Hst:           05b0b101 005657f0 00000000 2cb4307d
00:00:01.229332 Gst: 00000003  00000000 00000000 00000000 00000000
00:00:01.229333 Hst:           00000000 00000000 00000000 00000000
00:00:01.229334 Gst: 00000004  00000000 00000000 00000000 00000000
00:00:01.229335 Hst:           04000121 01c0003f 0000003f 00000001
00:00:01.229337 Gst: 00000005  00000040 00000040 00000000 00000000
00:00:01.229339 Hst:           00000040 00000040 00000003 00022220
00:00:01.229340 Name:                            GenuineIntel
00:00:01.229341 Supports:                        0-5
00:00:01.229342 Family:                          6  	Extended: 0 	Effective: 6
00:00:01.229343 Model:                           7  	Extended: 1 	Effective: 23
00:00:01.229344 Stepping:                        10
00:00:01.229345 Type:                            0 (primary)
00:00:01.229346 APIC ID:                         0x00
00:00:01.229347 Logical CPUs:                    0
00:00:01.229347 CLFLUSH Size:                    8
00:00:01.229348 Brand ID:                        0x00
00:00:01.229351 Mnemonic - Description                 = guest (host)
00:00:01.229352 FPU - x87 FPU on Chip                  = 1 (1)
00:00:01.229353 VME - Virtual 8086 Mode Enhancements   = 1 (1)
00:00:01.229354 DE - Debugging extensions              = 1 (1)
00:00:01.229354 PSE - Page Size Extension              = 1 (1)
00:00:01.229355 TSC - Time Stamp Counter               = 1 (1)
00:00:01.229356 MSR - Model Specific Registers         = 1 (1)
00:00:01.229357 PAE - Physical Address Extension       = 0 (1)
00:00:01.229358 MCE - Machine Check Exception          = 1 (1)
00:00:01.229358 CX8 - CMPXCHG8B instruction            = 1 (1)
00:00:01.229359 APIC - APIC On-Chip                    = 1 (1)
00:00:01.229360 10 - Reserved                          = 0 (0)
00:00:01.229361 SEP - SYSENTER and SYSEXIT             = 0 (1)
00:00:01.229362 MTRR - Memory Type Range Registers     = 1 (1)
00:00:01.229363 PGE - PTE Global Bit                   = 1 (1)
00:00:01.229363 MCA - Machine Check Architecture       = 1 (1)
00:00:01.229364 CMOV - Conditional Move Instructions   = 1 (1)
00:00:01.229365 PAT - Page Attribute Table             = 1 (1)
00:00:01.229366 PSE-36 - 36-bit Page Size Extention    = 1 (1)
00:00:01.229367 PSN - Processor Serial Number          = 0 (0)
00:00:01.229367 CLFSH - CLFLUSH Instruction.           = 1 (1)
00:00:01.229368 20 - Reserved                          = 0 (0)
00:00:01.229369 DS - Debug Store                       = 0 (1)
00:00:01.229370 ACPI - Thermal Mon. & Soft. Clock Ctrl.= 0 (1)
00:00:01.229371 MMX - Intel MMX Technology             = 1 (1)
00:00:01.229372 FXSR - FXSAVE and FXRSTOR Instructions = 1 (1)
00:00:01.229372 SSE - SSE Support                      = 1 (1)
00:00:01.229373 SSE2 - SSE2 Support                    = 1 (1)
00:00:01.229374 SS - Self Snoop                        = 0 (1)
00:00:01.229375 HTT - Hyper-Threading Technology       = 0 (1)
00:00:01.229376 TM - Thermal Monitor                   = 0 (1)
00:00:01.229377 30 - Reserved                          = 0 (0)
00:00:01.229377 PBE - Pending Break Enable             = 0 (1)
00:00:01.229378 Supports SSE3                          = 1 (1)
00:00:01.229379 PCLMULQDQ                              = 0 (0)
00:00:01.229380 DS Area 64-bit layout                  = 0 (1)
00:00:01.229381 Supports MONITOR/MWAIT                 = 1 (1)
00:00:01.229381 CPL-DS - CPL Qualified Debug Store     = 0 (1)
00:00:01.229382 VMX - Virtual Machine Technology       = 0 (0)
00:00:01.229383 SMX - Safer Mode Extensions            = 0 (0)
00:00:01.229384 Enhanced SpeedStep Technology          = 0 (1)
00:00:01.229385 Terminal Monitor 2                     = 0 (1)
00:00:01.229386 Supplemental SSE3 instructions         = 1 (1)
00:00:01.229388 L1 Context ID                          = 0 (0)
00:00:01.229389 11 - Reserved                          = 0 (0)
00:00:01.229390 FMA extensions using YMM state         = 0 (0)
00:00:01.229391 CMPXCHG16B instruction                 = 0 (1)
00:00:01.229391 xTPR Update Control                    = 0 (1)
00:00:01.229392 Perf/Debug Capability MSR              = 0 (1)
00:00:01.229393 16 - Reserved                          = 0 (0)
00:00:01.229394 PCID - Process-context identifiers     = 0 (0)
00:00:01.229395 DCA - Direct Cache Access              = 0 (0)
00:00:01.229395 SSE4.1 instruction extensions          = 0 (1)
00:00:01.229396 SSE4.2 instruction extensions          = 0 (0)
00:00:01.229397 Supports the x2APIC extensions         = 0 (0)
00:00:01.229398 MOVBE instruction                      = 0 (0)
00:00:01.229399 POPCNT instruction                     = 0 (0)
00:00:01.229400 TSC-Deadline LAPIC timer mode          = 0 (0)
00:00:01.229400 AESNI instruction extensions           = 0 (0)
00:00:01.229401 XSAVE/XRSTOR extended state feature    = 0 (1)
00:00:01.229402 Supports OSXSAVE                       = 0 (1)
00:00:01.229403 AVX instruction extensions             = 0 (0)
00:00:01.229404 29/30 - Reserved                       = 0x0 (0x0)
00:00:01.229405 Hypervisor Present (we're a guest)     = 0 (0)
00:00:01.229406 
00:00:01.229406          RAW Extended CPUIDs
00:00:01.229406      Function  eax      ebx      ecx      edx
00:00:01.229407 Gst: 80000000  80000008 00000000 00000000 00000000
00:00:01.229409 Hst:           80000008 00000000 00000000 00000000
00:00:01.229410 Gst: 80000001  00000000 00000000 00000000 00000000
00:00:01.229412 Hst:           00000000 00000000 00000001 20100800
00:00:01.229413 Gst: 80000002  65746e49 2952286c 726f4320 4d542865
00:00:01.229415 Hst:           65746e49 2952286c 726f4320 4d542865
00:00:01.229417 Gst: 80000003  44203229 43206f75 20205550 54202020
00:00:01.229418 Hst:           44203229 43206f75 20205550 54202020
00:00:01.229420 Gst: 80000004  30303636 20402020 30322e32 007a4847
00:00:01.229422 Hst:           30303636 20402020 30322e32 007a4847
00:00:01.229424 Gst: 80000005  00000000 00000000 00000000 00000000
00:00:01.229425 Hst:           00000000 00000000 00000000 00000000
00:00:01.229426 Gst: 80000006  00000000 00000000 08006040 00000000
00:00:01.229428 Hst:           00000000 00000000 08006040 00000000
00:00:01.229429 Gst: 80000007  00000000 00000000 00000000 00000000
00:00:01.229431 Hst:           00000000 00000000 00000000 00000000
00:00:01.229432 Gst: 80000008  00003024 00000000 00000000 00000000
00:00:01.229433 Hst:           00003024 00000000 00000000 00000000
00:00:01.229435 Gst: 80000009  00000003 00000240 00000240 00000000*
00:00:01.229436 Hst:           00000003 00000240 00000240 00000000
00:00:01.229438 Ext Name:                        
00:00:01.229439 Ext Supports:                    0x80000000-0x80000008
00:00:01.229440 Family:                          0  	Extended: 0 	Effective: 0
00:00:01.229441 Model:                           0  	Extended: 0 	Effective: 0
00:00:01.229442 Stepping:                        0
00:00:01.229442 Brand ID:                        0x000
00:00:01.229443 Mnemonic - Description                 = guest (host)
00:00:01.229446 FPU - x87 FPU on Chip                  = 0 (0)
00:00:01.229447 VME - Virtual 8086 Mode Enhancements   = 0 (0)
00:00:01.229447 DE - Debugging extensions              = 0 (0)
00:00:01.229448 PSE - Page Size Extension              = 0 (0)
00:00:01.229449 TSC - Time Stamp Counter               = 0 (0)
00:00:01.229450 MSR - K86 Model Specific Registers     = 0 (0)
00:00:01.229451 PAE - Physical Address Extension       = 0 (0)
00:00:01.229452 MCE - Machine Check Exception          = 0 (0)
00:00:01.229453 CX8 - CMPXCHG8B instruction            = 0 (0)
00:00:01.229453 APIC - APIC On-Chip                    = 0 (0)
00:00:01.229454 10 - Reserved                          = 0 (0)
00:00:01.229455 SEP - SYSCALL and SYSRET               = 0 (1)
00:00:01.229456 MTRR - Memory Type Range Registers     = 0 (0)
00:00:01.229457 PGE - PTE Global Bit                   = 0 (0)
00:00:01.229457 MCA - Machine Check Architecture       = 0 (0)
00:00:01.229458 CMOV - Conditional Move Instructions   = 0 (0)
00:00:01.229459 PAT - Page Attribute Table             = 0 (0)
00:00:01.229460 PSE-36 - 36-bit Page Size Extention    = 0 (0)
00:00:01.229461 18 - Reserved                          = 0 (0)
00:00:01.229461 19 - Reserved                          = 0 (0)
00:00:01.229462 NX - No-Execute Page Protection        = 0 (1)
00:00:01.229463 DS - Debug Store                       = 0 (0)
00:00:01.229464 AXMMX - AMD Extensions to MMX Instr.   = 0 (0)
00:00:01.229464 MMX - Intel MMX Technology             = 0 (0)
00:00:01.229465 FXSR - FXSAVE and FXRSTOR Instructions = 0 (0)
00:00:01.229466 25 - AMD fast FXSAVE and FXRSTOR Instr.= 0 (0)
00:00:01.229467 26 - 1 GB large page support           = 0 (0)
00:00:01.229468 27 - RDTSCP instruction                = 0 (0)
00:00:01.229469 28 - Reserved                          = 0 (0)
00:00:01.229469 29 - AMD Long Mode                     = 0 (1)
00:00:01.229470 30 - AMD Extensions to 3DNow!          = 0 (0)
00:00:01.229471 31 - AMD 3DNow!                        = 0 (0)
00:00:01.229472 LahfSahf - LAHF/SAHF in 64-bit mode    = 0 (1)
00:00:01.229473 CmpLegacy - Core MP legacy mode (depr) = 0 (0)
00:00:01.229473 SVM - AMD VM Extensions                = 0 (0)
00:00:01.229474 APIC registers starting at 0x400       = 0 (0)
00:00:01.229475 AltMovCR8 - LOCK MOV CR0 means MOV CR8 = 0 (0)
00:00:01.229476 5  - Advanced bit manipulation         = 0 (0)
00:00:01.229477 6  - SSE4A instruction support         = 0 (0)
00:00:01.229477 7  - Misaligned SSE mode               = 0 (0)
00:00:01.229478 8  - PREFETCH and PREFETCHW instruction= 0 (0)
00:00:01.229479 9  - OS visible workaround             = 0 (0)
00:00:01.229480 10 - Instruction based sampling        = 0 (0)
00:00:01.229481 11 - SSE5 support                      = 0 (0)
00:00:01.229481 12 - SKINIT, STGI, and DEV support     = 0 (0)
00:00:01.229482 13 - Watchdog timer support.           = 0 (0)
00:00:01.229483 31:14 - Reserved                       = 0x0 (0x0)
00:00:01.229484 Full Name:                       Intel(R) Core(TM)2 Duo CPU     T6600  @ 2.20GHz
00:00:01.229485 TLB 2/4M Instr/Uni:              res0     0 entries
00:00:01.229486 TLB 2/4M Data:                   res0     0 entries
00:00:01.229487 TLB 4K Instr/Uni:                res0     0 entries
00:00:01.229488 TLB 4K Data:                     res0     0 entries
00:00:01.229489 L1 Instr Cache Line Size:        0 bytes
00:00:01.229490 L1 Instr Cache Lines Per Tag:    0
00:00:01.229490 L1 Instr Cache Associativity:    res0  
00:00:01.229491 L1 Instr Cache Size:             0 KB
00:00:01.229492 L1 Data Cache Line Size:         0 bytes
00:00:01.229493 L1 Data Cache Lines Per Tag:     0
00:00:01.229493 L1 Data Cache Associativity:     res0  
00:00:01.229494 L1 Data Cache Size:              0 KB
00:00:01.229495 L2 TLB 2/4M Instr/Uni:           off       0 entries
00:00:01.229496 L2 TLB 2/4M Data:                off       0 entries
00:00:01.229497 L2 TLB 4K Instr/Uni:             off       0 entries
00:00:01.229497 L2 TLB 4K Data:                  off       0 entries
00:00:01.229498 L2 Cache Line Size:              0 bytes
00:00:01.229499 L2 Cache Lines Per Tag:          0
00:00:01.229500 L2 Cache Associativity:          off   
00:00:01.229500 L2 Cache Size:                   0 KB
00:00:01.229501 APM Features:                   
00:00:01.229502 Physical Address Width:          36 bits
00:00:01.229503 Virtual Address Width:           48 bits
00:00:01.229504 Guest Physical Address Width:    0 bits
00:00:01.229504 Physical Core Count:             0
00:00:01.229505 
00:00:01.229506          RAW Centaur CPUIDs
00:00:01.229506      Function  eax      ebx      ecx      edx
00:00:01.229507 Gst: c0000000  00000003 00000240 00000240 00000000
00:00:01.229509 Hst:           00000003 00000240 00000240 00000000
00:00:01.229510 Gst: c0000001  00000003 00000240 00000240 00000000
00:00:01.229512 Hst:           00000003 00000240 00000240 00000000
00:00:01.229513 Gst: c0000002  00000003 00000240 00000240 00000000
00:00:01.229515 Hst:           00000003 00000240 00000240 00000000
00:00:01.229516 Gst: c0000003  00000003 00000240 00000240 00000000
00:00:01.229517 Hst:           00000003 00000240 00000240 00000000
00:00:01.229519 Centaur Supports:                0xc0000000-0x00000003
00:00:01.229520 Mnemonic - Description                 = guest (host)
00:00:01.229520 AIS - Alternate Instruction Set        = 0 (0)
00:00:01.229521 AIS-E - AIS enabled                    = 0 (0)
00:00:01.229522 RNG - Random Number Generator          = 0 (0)
00:00:01.229523 RNG-E - RNG enabled                    = 0 (0)
00:00:01.229524 LH - LongHaul MSR 0000_110Ah           = 0 (0)
00:00:01.229525 FEMMS - FEMMS                          = 0 (0)
00:00:01.229526 ACE - Advanced Cryptography Engine     = 0 (0)
00:00:01.229526 ACE-E - ACE enabled                    = 0 (0)
00:00:01.229527 ACE2 - Advanced Cryptography Engine 2  = 0 (0)
00:00:01.229528 ACE2-E - ACE enabled                   = 0 (0)
00:00:01.229529 PHE - Padlock Hash Engine              = 0 (0)
00:00:01.229530 PHE-E - PHE enabled                    = 0 (0)
00:00:01.229532 PMM - Montgomery Multiplier            = 0 (0)
00:00:01.229533 PMM-E - PMM enabled                    = 0 (0)
00:00:01.229534 14 - Reserved                          = 0 (0)
00:00:01.229535 15 - Reserved                          = 0 (0)
00:00:01.229536 Parallax                               = 0 (0)
00:00:01.229536 Parallax enabled                       = 0 (0)
00:00:01.229537 Overstress                             = 0 (0)
00:00:01.229538 Overstress enabled                     = 0 (0)
00:00:01.229539 TM3 - Temperature Monitoring 3         = 0 (0)
00:00:01.229540 TM3-E - TM3 enabled                    = 0 (0)
00:00:01.229540 RNG2 - Random Number Generator 2       = 0 (0)
00:00:01.229541 RNG2-E - RNG2 enabled                  = 0 (0)
00:00:01.229542 24 - Reserved                          = 0 (0)
00:00:01.229543 PHE2 - Padlock Hash Engine 2           = 0 (0)
00:00:01.229544 PHE2-E - PHE2 enabled                  = 0 (0)
00:00:01.229544 
00:00:01.229545 
00:00:01.229546 ******************** End of CPUID dump **********************
00:00:01.229719 HWACCM: No VT-x or AMD-V CPU extension found. Reason VERR_VMX_NO_VMX
00:00:01.229767 HWACCM: VMX MSR_IA32_FEATURE_CONTROL=0
00:00:01.235020 VM: Halt method global1 (5)
00:00:01.235071 HaltedGlobal1 config: cNsSpinBlockThresholdCfg=50000
00:00:01.235078 Changing the VM state from 'CREATING' to 'CREATED'.
00:00:01.235183 Changing the VM state from 'CREATED' to 'POWERING_ON'.
00:00:01.235248 Changing the VM state from 'POWERING_ON' to 'RUNNING'.
00:00:01.239430 Guest Log: BIOS: VirtualBox 4.2.12
00:00:01.239899 PIT: mode=2 count=0x10000 (65536) - 18.20 Hz (ch=0)
00:00:01.257169 Display::handleDisplayResize(): uScreenId = 0, pvVRAM=0000000000000000 w=720 h=400 bpp=0 cbLine=0x0, flags=0x1
00:00:01.259884 PIIX3 ATA: Ctl#0: RESET, DevSel=0 AIOIf=0 CmdIf0=0x00 (-1 usec ago) CmdIf1=0x00 (-1 usec ago)
00:00:01.260091 PIIX3 ATA: Ctl#0: finished processing RESET
00:00:01.261236 Guest Log: BIOS: ata0-0: PCHS=963/4/17 LCHS=963/4/17
00:00:01.263719 PIIX3 ATA: Ctl#0: RESET, DevSel=1 AIOIf=0 CmdIf0=0xec (-1 usec ago) CmdIf1=0x00 (-1 usec ago)
00:00:01.263896 PIIX3 ATA: Ctl#0: finished processing RESET
00:00:01.264063 PIIX3 ATA: Ctl#1: RESET, DevSel=0 AIOIf=0 CmdIf0=0x00 (-1 usec ago) CmdIf1=0x00 (-1 usec ago)
00:00:01.265264 PIIX3 ATA: Ctl#1: finished processing RESET
00:00:01.276318 PIT: mode=2 count=0x48d3 (18643) - 64.00 Hz (ch=0)
00:00:01.287519 2D video acceleration is disabled.
00:00:01.324146 Display::handleDisplayResize(): uScreenId = 0, pvVRAM=0000000006b50000 w=640 h=480 bpp=32 cbLine=0xA00, flags=0x1
00:00:03.752482 Display::handleDisplayResize(): uScreenId = 0, pvVRAM=0000000000000000 w=720 h=400 bpp=0 cbLine=0x0, flags=0x1
00:00:03.754296 PIT: mode=2 count=0x10000 (65536) - 18.20 Hz (ch=0)
00:00:03.754759 Guest Log: BIOS: Boot : bseqnr=1, bootseq=0002
00:00:03.755753 Guest Log: BIOS: Booting from Hard Disk...
00:01:53.126637 Changing the VM state from 'RUNNING' to 'SUSPENDING'.
00:01:53.177224 PDMR3Suspend: 50 533 609 ns run time
00:01:53.177247 Changing the VM state from 'SUSPENDING' to 'SUSPENDED'.
00:01:53.969376 Console::powerDown(): A request to power off the VM has been issued (mMachineState=Stopping, InUninit=0)
00:01:53.972554 Changing the VM state from 'SUSPENDED' to 'POWERING_OFF'.
00:01:53.972606 ****************** Guest state at power off ******************
00:01:53.972617 Guest CPUM (VCPU 0) state: 
00:01:53.972637 eax=000000b2 ebx=00000036 ecx=00010000 edx=00000001 esi=000082bf edi=000082e8
00:01:53.972642 eip=0000e857 esp=000077d0 ebp=00000000 iopl=0         nv up ei pl nz na po nc
00:01:53.972646 cs={f000 base=00000000000f0000 limit=0000ffff flags=0000009b} dr0=00000000 dr1=00000000
00:01:53.972655 ds={0040 base=0000000000000400 limit=0000ffff flags=00000093} dr2=00000000 dr3=00000000
00:01:53.972660 es={0000 base=0000000000000000 limit=0000ffff flags=00000093} dr4=00000000 dr5=00000000
00:01:53.972664 fs={0000 base=0000000000000000 limit=0000ffff flags=00000093} dr6=ffff0ff0 dr7=00000400
00:01:53.972669 gs={0000 base=0000000000000000 limit=0000ffff flags=00000093} cr0=00000010 cr2=00000000
00:01:53.972674 ss={0000 base=0000000000000000 limit=0000ffff flags=00000093} cr3=00000000 cr4=00000000
00:01:53.972678 gdtr=00000000000fe898:0047  idtr=0000000000000000:ffff  eflags=00000246
00:01:53.972682 ldtr={0000 base=00000000 limit=0000ffff flags=00000082}
00:01:53.972685 tr  ={0000 base=00000000 limit=0000ffff flags=0000008b}
00:01:53.972688 SysEnter={cs=0000 eip=00000000 esp=00000000}
00:01:53.972691 FCW=037f FSW=0000 FTW=0000 FOP=0000 MXCSR=00001f80 MXCSR_MASK=0000ffff
00:01:53.972695 FPUIP=00000000 CS=0000 Rsrvd1=0000  FPUDP=00000000 DS=0000 Rsvrd2=0000
00:01:53.972699 ST(0)=FPR0={0000'00000000'00000000} t0 +0.0000000000000000000000 ^ 0
00:01:53.972705 ST(1)=FPR1={0000'00000000'00000000} t0 +0.0000000000000000000000 ^ 0
00:01:53.972710 ST(2)=FPR2={0000'00000000'00000000} t0 +0.0000000000000000000000 ^ 0
00:01:53.972715 ST(3)=FPR3={0000'00000000'00000000} t0 +0.0000000000000000000000 ^ 0
00:01:53.972719 ST(4)=FPR4={0000'00000000'00000000} t0 +0.0000000000000000000000 ^ 0
00:01:53.972724 ST(5)=FPR5={0000'00000000'00000000} t0 +0.0000000000000000000000 ^ 0
00:01:53.972728 ST(6)=FPR6={0000'00000000'00000000} t0 +0.0000000000000000000000 ^ 0
00:01:53.972732 ST(7)=FPR7={0000'00000000'00000000} t0 +0.0000000000000000000000 ^ 0
00:01:53.972737 XMM0 =00000000'00000000'00000000'00000000  XMM1 =00000000'00000000'00000000'00000000
00:01:53.972743 XMM2 =00000000'00000000'00000000'00000000  XMM3 =00000000'00000000'00000000'00000000
00:01:53.972749 XMM4 =00000000'00000000'00000000'00000000  XMM5 =00000000'00000000'00000000'00000000
00:01:53.972754 XMM6 =00000000'00000000'00000000'00000000  XMM7 =00000000'00000000'00000000'00000000
00:01:53.972760 XMM8 =00000000'00000000'00000000'00000000  XMM9 =00000000'00000000'00000000'00000000
00:01:53.972765 XMM10=00000000'00000000'00000000'00000000  XMM11=00000000'00000000'00000000'00000000
00:01:53.972771 XMM12=00000000'00000000'00000000'00000000  XMM13=00000000'00000000'00000000'00000000
00:01:53.972776 XMM14=00000000'00000000'00000000'00000000  XMM15=00000000'00000000'00000000'00000000
00:01:53.972782 EFER         =0000000000000000
00:01:53.972784 PAT          =0007040600070406
00:01:53.972787 STAR         =0000000000000000
00:01:53.972788 CSTAR        =0000000000000000
00:01:53.972790 LSTAR        =0000000000000000
00:01:53.972791 SFMASK       =0000000000000000
00:01:53.972792 KERNELGSBASE =0000000000000000
00:01:53.972794 ***
00:01:53.972803 Guest paging mode:  Real (changed 3 times), A20 disabled (changed 1 times)
00:01:53.972812 Shadow paging mode: PAE
00:01:53.972814 Host paging mode:   AMD64+G+NX
00:01:53.972815 ***
00:01:53.972831 Active Timers (pVM=00000000024c0000)
00:01:53.972833 pTimerR3         offNext  offPrev  offSched Clock               Time             Expire HzHint State                     Description
00:01:53.972842 0000000004cb28f0 00007830 00000000 00000000 Real            83898914           83898077      0 2-ACTIVE                  VGA Refresh Timer
00:01:53.972852 0000000004cba120 ffffff80 ffff87d0 00000000 Real            83898914           83898090      0 2-ACTIVE                  EMT Yielder
00:01:53.972861 0000000004cba0a0 00000000 00000080 00000000 Real            83898914           83898507      0 2-ACTIVE                  CPU Load Timer
00:01:53.972870 0000000004cb7b40 00000000 00000000 00000000 Virt        111941870242       111895251406      0 2-ACTIVE                  Audio timer
00:01:53.972880 0000000004ca2d90 00000670 00000000 00000000 VrSy        111890248266       111929814232     18 2-ACTIVE                  i8254 Programmable Interval Timer
00:01:53.972889 0000000004ca3400 000163b0 fffff990 00000000 VrSy        111890248266       111990000000      0 2-ACTIVE                  MC146818 RTC/CMOS - Second
00:01:53.972897 0000000004cb97b0 00000000 fffe9c50 00000000 VrSy        111890248266      1199864031601      0 2-ACTIVE                  ACPI PM Timer
00:01:53.972908 ***
00:01:53.972919 Shadow GDT (GCAddr=ff5a2000):
00:01:53.972974 ffd8 - 81980087 ff008940 - base=ff408198 limit=00000087 dpl=0 TSS32Avail Present 16-bit  HyperTSSTrap08
00:01:53.972980 ffe0 - 81100087 ff008b40 - base=ff408110 limit=00000087 dpl=0 TSS32Busy Present 16-bit  HyperTSS
00:01:53.972985 ffe8 - 0000ffff 00af9b00 - base=00000000 limit=ffffffff dpl=0 CodeER Accessed Present Page 16-bit  HyperCS64
00:01:53.972990 fff0 - 0000ffff 00cf9300 - base=00000000 limit=ffffffff dpl=0 DataRW Accessed Present Page 32-bit  HyperDS
00:01:53.973004 fff8 - 0000ffff 00cf9b00 - base=00000000 limit=ffffffff dpl=0 CodeER Accessed Present Page 32-bit  HyperCS
00:01:53.973007 ***
00:01:53.973008 ***
00:01:53.973009 ss:sp=0000:77d0 0000:77c0 TO 0000:78bf:
00:01:53.973026 000000000404eaa0 0000: 00 f0 dc fe 40 00 b2 00-00 00 4b e8 00 f0 46 02 ....@.....K...F.
00:01:53.973044 000000000404eab0 0010: e8 82 bf 82 00 00 e0 77-e8 82 01 00 00 00 b2 00 .......w........
00:01:53.973050 000000000404eac0 0020: 00 00 00 00 00 80 00 00-93 00 e9 82 bf 82 00 00 ................
00:01:53.973056 000000000404ead0 0030: fa 77 e8 82 01 00 06 00-b2 80 68 80 00 00 02 02 .w........h.....
00:01:53.973062 000000000404eae0 0040: 00 00 00 00 00 00 00 00-00 00 00 00 00 00 00 00 ................
00:01:53.973068 000000000404eaf0 0050: 00 00 00 00 00 00 00 00-00 00 00 00 00 00 00 00 ................
00:01:53.973074 000000000404eb00 0060: 00 00 00 00 00 00 00 00-00 00 00 00 00 00 00 00 ................
00:01:53.973080 000000000404eb10 0070: 00 00 00 00 00 00 00 00-00 00 00 00 00 00 00 00 ................
00:01:53.973085 000000000404eb20 0080: 00 00 00 00 00 00 00 00-00 00 00 00 00 00 00 00 ................
00:01:53.973091 000000000404eb30 0090: 00 00 00 00 00 00 00 00-00 00 00 00 00 00 00 00 ................
00:01:53.973097 000000000404eb40 00a0: 00 00 00 00 00 00 00 00-00 00 00 00 00 00 00 00 ................
00:01:53.973102 000000000404eb50 00b0: 00 00 00 00 00 00 00 00-00 00 00 00 00 00 00 00 ................
00:01:53.973108 000000000404eb60 00c0: 00 00 00 00 00 00 00 00-00 00 00 00 00 00 00 00 ................
00:01:53.973114 000000000404eb70 00d0: 00 00 00 00 00 00 00 00-00 00 00 00 00 00 00 00 ................
00:01:53.973119 000000000404eb80 00e0: 00 00 00 00 00 00 00 00-00 00 00 00 00 00 00 00 ................
00:01:53.973125 000000000404eb90 00f0: 00 00 00 00 00 00 00 00-00 00 00 00 00 00 00 00 ................
00:01:53.973133 2000:0000 TO 2000:01ff:
00:01:53.973135 000000000404eaa0 0000: b4 0e cd 10 3c 08 74 07-3c 0d 74 11 aa eb e8 41 ....<.t.<.t....A
00:01:53.973141 000000000404eab0 0010: 39 df 74 e3 4f eb e0 b4-0e b0 0d cd 10 b0 00 aa 9.t.O...........
00:01:53.973147 000000000404eac0 0020: b4 0e b0 0a cd 10 61 cf-60 b4 0e b0 0d cd 10 b4 ......a.`.......
00:01:53.973153 000000000404ead0 0030: 0e b0 0a cd 10 61 cf 60-89 c6 ac 08 c0 74 06 b4 .....a.`.....t..
00:01:53.973159 000000000404eae0 0040: 0e cd 10 eb f5 61 cf e8-b9 fd 31 c0 8e d8 8e c0 .....a....1.....
00:01:53.973165 000000000404eaf0 0050: cd 27 b4 0b b7 00 b3 02-cd 10 b8 b2 80 b7 00 b3 .'..............
00:01:53.973171 000000000404eb00 0060: 0f cd 21 bb e8 82 cd 22-bb e8 82 b8 b3 82 cd 30 ..!....".......0
00:01:53.973177 000000000404eb10 0070: 83 fa 00 74 2f bb e8 82-b8 b8 82 cd 30 83 fa 00 ...t/.......0...
00:01:53.973183 000000000404eb20 0080: 74 1e bb e8 82 b8 be 82-cd 30 83 fa 00 75 06 cd t........0...u..
00:01:53.973189 000000000404eb30 0090: 23 cd 32 eb c5 cd 23 b8-e8 82 cd 31 cd 23 eb ba #.2...#....1.#..
00:01:53.973195 000000000404eb40 00a0: cd 27 eb b6 cd 23 b8 c0-80 bb 0f 00 cd 21 cd 23 .'...#.......!.#
00:01:53.973201 000000000404eb50 00b0: eb a8 0d 0a 4d 6f 6e 73-74 65 72 4f 53 3e 20 00 ....MonsterOS> .
00:01:53.973206 000000000404eb60 00c0: 57 65 6c 63 6f 6d 65 20-74 6f 20 74 68 65 20 4d Welcome to the M
00:01:53.973212 000000000404eb70 00d0: 6f 6e 73 74 65 72 4f 53-20 73 68 65 6c 6c 20 70 onsterOS shell p
00:01:53.973218 000000000404eb80 00e0: 72 6f 6d 70 74 2e 0d 0a-0d 0a 4d 6f 6e 73 74 65 rompt.....Monste
00:01:53.973224 000000000404eb90 00f0: 72 4f 53 20 73 68 65 6c-6c 20 70 72 6f 6d 70 74 rOS shell prompt
00:01:53.973230 000000000404eba0 0100: 20 63 6f 6e 74 61 69 6e-73 20 6f 6e 6c 79 20 74  contains only t
00:01:53.973236 000000000404ebb0 0110: 77 6f 20 69 6e 74 65 72-6e 61 6c 20 63 6f 6d 6d wo internal comm
00:01:53.973242 000000000404ebc0 0120: 61 6e 64 73 3a 20 68 65-6c 70 2c 20 63 6c 65 61 ands: help, clea
00:01:53.973248 000000000404ebd0 0130: 72 2c 20 61 6e 64 20 6c-69 73 74 2e 0d 0a 54 68 r, and list...Th
00:01:53.973255 000000000404ebe0 0140: 69 73 20 6d 65 61 6e 73-20 74 68 61 74 20 4d 6f is means that Mo
00:01:53.973261 000000000404ebf0 0150: 6e 73 74 65 72 4f 53 20-74 72 65 61 74 73 20 65 nsterOS treats e
00:01:53.973267 000000000404ec00 0160: 76 65 72 79 74 68 69 6e-67 20 65 6c 73 65 20 74 verything else t
00:01:53.973273 000000000404ec10 0170: 68 61 74 20 69 73 20 6e-6f 74 20 74 68 65 20 68 hat is not the h
00:01:53.973279 000000000404ec20 0180: 65 6c 70 2f 63 6c 65 61-72 20 63 6f 6d 6d 61 6e elp/clear comman
00:01:53.973285 000000000404ec30 0190: 64 20 61 73 20 61 6e 20-65 78 74 65 72 6e 61 6c d as an external
00:01:53.973291 000000000404ec40 01a0: 20 63 6f 6d 6d 61 6e 64-2e 0d 0a 41 6e 20 65 78  command...An ex
00:01:53.973297 000000000404ec50 01b0: 74 65 72 6e 61 6c 20 63-6f 6d 6d 61 6e 64 20 69 ternal command i
00:01:53.973303 000000000404ec60 01c0: 73 20 62 61 73 69 63 61-6c 6c 79 20 61 20 66 69 s basically a fi
00:01:53.973308 000000000404ec70 01d0: 6c 65 6e 61 6d 65 20 6f-66 20 61 20 66 69 6c 65 lename of a file
00:01:53.973314 000000000404ec80 01e0: 20 73 74 6f 72 65 64 20-6f 6e 20 74 68 65 20 64  stored on the d
00:01:53.973320 000000000404ec90 01f0: 69 73 6b 2e 0a 0d 49 66-20 74 68 65 20 66 69 6c isk...If the fil
00:01:53.973327 ************** End of Guest state at power off ***************
00:01:53.973384 PDMR3PowerOff: 14 072 ns run time
00:01:53.973401 Changing the VM state from 'POWERING_OFF' to 'OFF'.
00:01:53.976957 Changing the VM state from 'OFF' to 'DESTROYING'.
00:01:53.977352 ************************* Statistics *************************
00:01:53.977491 /Devices/IDE0/ATA0/Unit0/AtapiDMA        0 times
00:01:53.977491 /Devices/IDE0/ATA0/Unit0/AtapiPIO        0 times
00:01:53.977491 /Devices/IDE0/ATA0/Unit0/DMA            0 times
00:01:53.977491 /Devices/IDE0/ATA0/Unit0/PIO            4 times
00:01:53.977491 /Devices/IDE0/ATA0/Unit0/ReadBytes     7680 bytes
00:01:53.977491 /Devices/IDE0/ATA0/Unit0/WrittenBytes        0 bytes
00:01:53.977491 /Devices/IDE0/ATA0/Unit1/AtapiDMA        0 times
00:01:53.977491 /Devices/IDE0/ATA0/Unit1/AtapiPIO        0 times
00:01:53.977491 /Devices/IDE0/ATA0/Unit1/DMA            0 times
00:01:53.977491 /Devices/IDE0/ATA0/Unit1/PIO            0 times
00:01:53.977491 /Devices/IDE0/ATA0/Unit1/ReadBytes        0 bytes
00:01:53.977491 /Devices/IDE0/ATA0/Unit1/WrittenBytes        0 bytes
00:01:53.977491 /Devices/IDE0/ATA1/Unit0/AtapiDMA        0 times
00:01:53.977491 /Devices/IDE0/ATA1/Unit0/AtapiPIO        0 times
00:01:53.977491 /Devices/IDE0/ATA1/Unit0/DMA            0 times
00:01:53.977491 /Devices/IDE0/ATA1/Unit0/PIO            0 times
00:01:53.977491 /Devices/IDE0/ATA1/Unit0/ReadBytes        0 bytes
00:01:53.977491 /Devices/IDE0/ATA1/Unit0/WrittenBytes        0 bytes
00:01:53.977491 /Devices/IDE0/ATA1/Unit1/AtapiDMA        0 times
00:01:53.977491 /Devices/IDE0/ATA1/Unit1/AtapiPIO        0 times
00:01:53.977491 /Devices/IDE0/ATA1/Unit1/DMA            0 times
00:01:53.977491 /Devices/IDE0/ATA1/Unit1/PIO            0 times
00:01:53.977491 /Devices/IDE0/ATA1/Unit1/ReadBytes        0 bytes
00:01:53.977491 /Devices/IDE0/ATA1/Unit1/WrittenBytes        0 bytes
00:01:53.977491 /Devices/PCNet0/ReceiveBytes            0 bytes
00:01:53.977491 /Devices/PCNet0/TransmitBytes           0 bytes
00:01:53.977491 /Devices/VMMDev/BalloonChunks           0 count
00:01:53.977491 /FT/Checkpoint/Network                  0 times
00:01:53.977491 /FT/Checkpoint/Storage                  0 times
00:01:53.977491 /FT/Received/Mem                        0 bytes
00:01:53.977491 /FT/Received/State                      0 bytes
00:01:53.977491 /FT/Sent/Mem                            0 bytes
00:01:53.977491 /FT/Sent/State                          0 bytes
00:01:53.977491 /FT/Sync/DeltaMem                       0 times
00:01:53.977491 /FT/Sync/DeltaVM                        0 times
00:01:53.977491 /FT/Sync/Full                           0 times
00:01:53.977491 /GMM/VM/Allocated/cBasePages          305 pages
00:01:53.977491 /GMM/VM/Allocated/cFixedPages           0 pages
00:01:53.977491 /GMM/VM/Allocated/cShadowPages          0 pages
00:01:53.977491 /GMM/VM/Reserved/cBasePages          8350 pages
00:01:53.977491 /GMM/VM/Reserved/cFixedPages         2948 pages
00:01:53.977491 /GMM/VM/Reserved/cShadowPages           1 pages
00:01:53.977491 /GMM/VM/cBalloonedPages                 0 pages
00:01:53.977491 /GMM/VM/cMaxBalloonedPages              0 pages
00:01:53.977491 /GMM/VM/cPrivatePages                 305 pages
00:01:53.977491 /GMM/VM/cReqActuallyBalloonedPages        0 pages
00:01:53.977491 /GMM/VM/cReqBalloonedPages              0 pages
00:01:53.977491 /GMM/VM/cReqDeflatePages                0 pages
00:01:53.977491 /GMM/VM/cShareableModules               0 count
00:01:53.977491 /GMM/VM/cSharedPages                    0 pages
00:01:53.977491 /GMM/VM/enmPolicy                       1 
00:01:53.977491 /GMM/VM/enmPriority                     2 
00:01:53.977491 /GMM/VM/fBallooningEnabled       false    
00:01:53.977491 /GMM/VM/fMayAllocate             false    
00:01:53.977491 /GMM/VM/fSharedPagingEnabled     false    
00:01:53.977491 /GMM/cAllocatedPages                  305 pages
00:01:53.977491 /GMM/cBalloonedPages                    0 pages
00:01:53.977491 /GMM/cChunks                            1 count
00:01:53.977491 /GMM/cDuplicatePages                    0 pages
00:01:53.977491 /GMM/cFreedChunks                       0 count
00:01:53.977491 /GMM/cLeftBehindSharedPages             0 pages
00:01:53.977491 /GMM/cMaxPages                   4294967295 pages
00:01:53.977491 /GMM/cOverCommittedPages                0 pages
00:01:53.977491 /GMM/cReservedPages                 11299 pages
00:01:53.977491 /GMM/cShareableModules                  0 count
00:01:53.977491 /GMM/cSharedPages                       0 pages
00:01:53.977491 /GVMM/EMTs                              1 calls
00:01:53.977491 /GVMM/HostCPUs                          2 calls
00:01:53.977491 /GVMM/HostCpus/0                        0 
00:01:53.977491 /GVMM/HostCpus/0/CurTimerHz             0 Hz
00:01:53.977491 /GVMM/HostCpus/0/DesiredHz              0 Hz
00:01:53.977491 /GVMM/HostCpus/0/PPTChanges             0 times
00:01:53.977491 /GVMM/HostCpus/0/PPTStarts              0 times
00:01:53.977491 /GVMM/HostCpus/0/idxCpuSet              0 
00:01:53.977491 /GVMM/HostCpus/1                        1 
00:01:53.977491 /GVMM/HostCpus/1/CurTimerHz             0 Hz
00:01:53.977491 /GVMM/HostCpus/1/DesiredHz              0 Hz
00:01:53.977491 /GVMM/HostCpus/1/PPTChanges             0 times
00:01:53.977491 /GVMM/HostCpus/1/PPTStarts              0 times
00:01:53.977491 /GVMM/HostCpus/1/idxCpuSet              1 
00:01:53.977491 /GVMM/Sum/HaltBlocking                726 calls
00:01:53.977491 /GVMM/Sum/HaltCalls                  8917 calls
00:01:53.977491 /GVMM/Sum/HaltNotBlocking            8191 calls
00:01:53.977491 /GVMM/Sum/HaltTimeouts                500 calls
00:01:53.977491 /GVMM/Sum/HaltWakeUps                   0 calls
00:01:53.977491 /GVMM/Sum/PokeCalls                     0 calls
00:01:53.977491 /GVMM/Sum/PokeNotBusy                   0 calls
00:01:53.977491 /GVMM/Sum/PollCalls                     1 calls
00:01:53.977491 /GVMM/Sum/PollHalts                     0 calls
00:01:53.977491 /GVMM/Sum/PollWakeUps                   0 calls
00:01:53.977491 /GVMM/Sum/WakeUpCalls                 252 calls
00:01:53.977491 /GVMM/Sum/WakeUpNotHalted             153 calls
00:01:53.977491 /GVMM/Sum/WakeUpWakeUps                 0 calls
00:01:53.977491 /GVMM/VM/HaltBlocking                 726 calls
00:01:53.977491 /GVMM/VM/HaltCalls                   8917 calls
00:01:53.977491 /GVMM/VM/HaltNotBlocking             8191 calls
00:01:53.977491 /GVMM/VM/HaltTimeouts                 500 calls
00:01:53.977491 /GVMM/VM/HaltWakeUps                    0 calls
00:01:53.977491 /GVMM/VM/PokeCalls                      0 calls
00:01:53.977491 /GVMM/VM/PokeNotBusy                    0 calls
00:01:53.977491 /GVMM/VM/PollCalls                      1 calls
00:01:53.977491 /GVMM/VM/PollHalts                      0 calls
00:01:53.977491 /GVMM/VM/PollWakeUps                    0 calls
00:01:53.977491 /GVMM/VM/WakeUpCalls                  252 calls
00:01:53.977491 /GVMM/VM/WakeUpNotHalted              153 calls
00:01:53.977491 /GVMM/VM/WakeUpWakeUps                  0 calls
00:01:53.977491 /GVMM/VMs                               1 calls
00:01:53.977491 /IEM/CPU0/cInstructions                 0 count
00:01:53.977491 /IEM/CPU0/cPotentialExits               0 count
00:01:53.977491 /IEM/CPU0/cRetAspectNotImplemented        0 count
00:01:53.977491 /IEM/CPU0/cRetErrStatuses               0 count
00:01:53.977491 /IEM/CPU0/cRetInfStatuses               0 count
00:01:53.977491 /IEM/CPU0/cRetInstrNotImplemented        0 count
00:01:53.977491 /IEM/CPU0/cbWritten                     0 bytes
00:01:53.977491 /MM/HyperHeap/cbFree              1095024 bytes
00:01:53.977491 /MM/HyperHeap/cbHeap              1310400 bytes
00:01:53.977491 /PDM/BlkCache/cbCached                  0 bytes
00:01:53.977491 /PDM/BlkCache/cbCachedFru               0 bytes
00:01:53.977491 /PDM/BlkCache/cbCachedMruIn             0 bytes
00:01:53.977491 /PDM/BlkCache/cbCachedMruOut            0 bytes
00:01:53.977491 /PDM/BlkCache/cbMax               5242880 bytes
00:01:53.977491 /PDM/CritSects/8237A#0 Auto/ContentionR3        0 times
00:01:53.977491 /PDM/CritSects/8237A#0 Auto/ContentionRZLock        0 times
00:01:53.977491 /PDM/CritSects/8237A#0 Auto/ContentionRZUnlock        0 times
00:01:53.977491 /PDM/CritSects/ATA#0/ContentionR3        0 times
00:01:53.977491 /PDM/CritSects/ATA#0/ContentionRZLock        0 times
00:01:53.977491 /PDM/CritSects/ATA#0/ContentionRZUnlock        0 times
00:01:53.977491 /PDM/CritSects/ATA#1/ContentionR3        0 times
00:01:53.977491 /PDM/CritSects/ATA#1/ContentionRZLock        0 times
00:01:53.977491 /PDM/CritSects/ATA#1/ContentionRZUnlock        0 times
00:01:53.977491 /PDM/CritSects/AudioSniffer#0 Auto/ContentionR3        0 times
00:01:53.977491 /PDM/CritSects/AudioSniffer#0 Auto/ContentionRZLock        0 times
00:01:53.977491 /PDM/CritSects/AudioSniffer#0 Auto/ContentionRZUnlock        0 times
00:01:53.977491 /PDM/CritSects/EM-REM/ContentionR3        0 times
00:01:53.977491 /PDM/CritSects/EM-REM/ContentionRZLock        0 times
00:01:53.977491 /PDM/CritSects/EM-REM/ContentionRZUnlock        0 times
00:01:53.977491 /PDM/CritSects/FTM/ContentionR3         0 times
00:01:53.977491 /PDM/CritSects/FTM/ContentionRZLock        0 times
00:01:53.977491 /PDM/CritSects/FTM/ContentionRZUnlock        0 times
00:01:53.977491 /PDM/CritSects/IOM Lock/ContentionR3        0 times
00:01:53.977491 /PDM/CritSects/IOM Lock/ContentionRZLock        0 times
00:01:53.977491 /PDM/CritSects/IOM Lock/ContentionRZUnlock        0 times
00:01:53.977491 /PDM/CritSects/MM-HYPER/ContentionR3        0 times
00:01:53.977491 /PDM/CritSects/MM-HYPER/ContentionRZLock        0 times
00:01:53.977491 /PDM/CritSects/MM-HYPER/ContentionRZUnlock        0 times
00:01:53.977491 /PDM/CritSects/NOP/ContentionR3         0 times
00:01:53.977491 /PDM/CritSects/NOP/ContentionRZLock        0 times
00:01:53.977491 /PDM/CritSects/NOP/ContentionRZUnlock        0 times
00:01:53.977491 /PDM/CritSects/PCNet#0/ContentionR3        0 times
00:01:53.977491 /PDM/CritSects/PCNet#0/ContentionRZLock        0 times
00:01:53.977491 /PDM/CritSects/PCNet#0/ContentionRZUnlock        0 times
00:01:53.977491 /PDM/CritSects/PDM/ContentionR3         0 times
00:01:53.977491 /PDM/CritSects/PDM/ContentionRZLock        0 times
00:01:53.977491 /PDM/CritSects/PDM/ContentionRZUnlock        0 times
00:01:53.977491 /PDM/CritSects/PGM/ContentionR3         0 times
00:01:53.977491 /PDM/CritSects/PGM/ContentionRZLock        0 times
00:01:53.977491 /PDM/CritSects/PGM/ContentionRZUnlock        0 times
00:01:53.977491 /PDM/CritSects/PS2K#0/ContentionR3        0 times
00:01:53.977491 /PDM/CritSects/PS2K#0/ContentionRZLock        0 times
00:01:53.977491 /PDM/CritSects/PS2K#0/ContentionRZUnlock        0 times
00:01:53.977491 /PDM/CritSects/PS2KM#0/ContentionR3        0 times
00:01:53.977491 /PDM/CritSects/PS2KM#0/ContentionRZLock        0 times
00:01:53.977491 /PDM/CritSects/PS2KM#0/ContentionRZUnlock        0 times
00:01:53.977491 /PDM/CritSects/REM-Register/ContentionR3        0 times
00:01:53.977491 /PDM/CritSects/REM-Register/ContentionRZLock        0 times
00:01:53.977491 /PDM/CritSects/REM-Register/ContentionRZUnlock        0 times
00:01:53.977491 /PDM/CritSects/TM Timer Lock/ContentionR3        0 times
00:01:53.977491 /PDM/CritSects/TM Timer Lock/ContentionRZLock        0 times
00:01:53.977491 /PDM/CritSects/TM Timer Lock/ContentionRZUnlock        0 times
00:01:53.977491 /PDM/CritSects/TM VirtualSync Lock/ContentionR3        0 times
00:01:53.977491 /PDM/CritSects/TM VirtualSync Lock/ContentionRZLock        0 times
00:01:53.977491 /PDM/CritSects/TM VirtualSync Lock/ContentionRZUnlock        0 times
00:01:53.977491 /PDM/CritSects/VGA#u/ContentionR3        0 times
00:01:53.977491 /PDM/CritSects/VGA#u/ContentionRZLock        0 times
00:01:53.977491 /PDM/CritSects/VGA#u/ContentionRZUnlock        0 times
00:01:53.977491 /PDM/CritSects/VMMDev#0 Auto/ContentionR3        0 times
00:01:53.977491 /PDM/CritSects/VMMDev#0 Auto/ContentionRZLock        0 times
00:01:53.977491 /PDM/CritSects/VMMDev#0 Auto/ContentionRZUnlock        0 times
00:01:53.977491 /PDM/CritSects/VMMDev#u/ContentionR3        0 times
00:01:53.977491 /PDM/CritSects/VMMDev#u/ContentionRZLock        0 times
00:01:53.977491 /PDM/CritSects/VMMDev#u/ContentionRZUnlock        0 times
00:01:53.977491 /PDM/CritSects/acpi0/ContentionR3        0 times
00:01:53.977491 /PDM/CritSects/acpi0/ContentionRZLock        0 times
00:01:53.977491 /PDM/CritSects/acpi0/ContentionRZUnlock        0 times
00:01:53.977491 /PDM/CritSects/i82078#0 Auto/ContentionR3        0 times
00:01:53.977491 /PDM/CritSects/i82078#0 Auto/ContentionRZLock        0 times
00:01:53.977491 /PDM/CritSects/i82078#0 Auto/ContentionRZUnlock        0 times
00:01:53.977491 /PDM/CritSects/mc146818#0 Auto/ContentionR3        0 times
00:01:53.977491 /PDM/CritSects/mc146818#0 Auto/ContentionRZLock        0 times
00:01:53.977491 /PDM/CritSects/mc146818#0 Auto/ContentionRZUnlock        0 times
00:01:53.977491 /PDM/CritSects/pcarch#0 Auto/ContentionR3        0 times
00:01:53.977491 /PDM/CritSects/pcarch#0 Auto/ContentionRZLock        0 times
00:01:53.977491 /PDM/CritSects/pcarch#0 Auto/ContentionRZUnlock        0 times
00:01:53.977491 /PDM/CritSects/pcbios#0 Auto/ContentionR3        0 times
00:01:53.977491 /PDM/CritSects/pcbios#0 Auto/ContentionRZLock        0 times
00:01:53.977491 /PDM/CritSects/pcbios#0 Auto/ContentionRZUnlock        0 times
00:01:53.977491 /PDM/CritSects/pckbd#0 Auto/ContentionR3        0 times
00:01:53.977491 /PDM/CritSects/pckbd#0 Auto/ContentionRZLock        0 times
00:01:53.977491 /PDM/CritSects/pckbd#0 Auto/ContentionRZUnlock        0 times
00:01:53.977491 /PDM/CritSects/pcnet#0 Auto/ContentionR3        0 times
00:01:53.977491 /PDM/CritSects/pcnet#0 Auto/ContentionRZLock        0 times
00:01:53.977491 /PDM/CritSects/pcnet#0 Auto/ContentionRZUnlock        0 times
00:01:53.977491 /PDM/CritSects/piix3ide#0 Auto/ContentionR3        0 times
00:01:53.977491 /PDM/CritSects/piix3ide#0 Auto/ContentionRZLock        0 times
00:01:53.977491 /PDM/CritSects/piix3ide#0 Auto/ContentionRZUnlock        0 times
00:01:53.977491 /PDM/CritSects/pit/ContentionR3         0 times
00:01:53.977491 /PDM/CritSects/pit/ContentionRZLock        0 times
00:01:53.977491 /PDM/CritSects/pit/ContentionRZUnlock        0 times
00:01:53.977491 /PDM/CritSects/sb16#0 Auto/ContentionR3        0 times
00:01:53.977491 /PDM/CritSects/sb16#0 Auto/ContentionRZLock        0 times
00:01:53.977491 /PDM/CritSects/sb16#0 Auto/ContentionRZUnlock        0 times
00:01:53.977491 /PDM/CritSects/vga#0 Auto/ContentionR3        0 times
00:01:53.977491 /PDM/CritSects/vga#0 Auto/ContentionRZLock        0 times
00:01:53.977491 /PDM/CritSects/vga#0 Auto/ContentionRZUnlock        0 times
00:01:53.977491 /PDM/Queue/DevHlp/AllocFailures         0 times
00:01:53.977491 /PDM/Queue/DevHlp/Flush                 0 calls
00:01:53.977491 /PDM/Queue/DevHlp/FlushLeftovers        0 times
00:01:53.977491 /PDM/Queue/DevHlp/Insert                0 calls
00:01:53.977491 /PDM/Queue/DevHlp/cItems                8 count
00:01:53.977491 /PDM/Queue/DevHlp/cbItem               56 bytes
00:01:53.977491 /PDM/Queue/Keyboard/AllocFailures        0 times
00:01:53.977491 /PDM/Queue/Keyboard/Flush               0 calls
00:01:53.977491 /PDM/Queue/Keyboard/FlushLeftovers        0 times
00:01:53.977491 /PDM/Queue/Keyboard/Insert            130 calls
00:01:53.977491 /PDM/Queue/Keyboard/cItems             64 count
00:01:53.977491 /PDM/Queue/Keyboard/cbItem             32 bytes
00:01:53.977491 /PDM/Queue/Mouse/AllocFailures          0 times
00:01:53.977491 /PDM/Queue/Mouse/Flush                  0 calls
00:01:53.977491 /PDM/Queue/Mouse/FlushLeftovers         0 times
00:01:53.977491 /PDM/Queue/Mouse/Insert                 0 calls
00:01:53.977491 /PDM/Queue/Mouse/cItems               128 count
00:01:53.977491 /PDM/Queue/Mouse/cbItem                56 bytes
00:01:53.977491 /PDM/Queue/PCNet-Rcv/AllocFailures        0 times
00:01:53.977491 /PDM/Queue/PCNet-Rcv/Flush              0 calls
00:01:53.977491 /PDM/Queue/PCNet-Rcv/FlushLeftovers        0 times
00:01:53.977491 /PDM/Queue/PCNet-Rcv/Insert             0 calls
00:01:53.977491 /PDM/Queue/PCNet-Rcv/cItems             1 count
00:01:53.977491 /PDM/Queue/PCNet-Rcv/cbItem            24 bytes
00:01:53.977491 /PDM/Queue/PCNet-Xmit/AllocFailures        0 times
00:01:53.977491 /PDM/Queue/PCNet-Xmit/Flush             0 calls
00:01:53.977491 /PDM/Queue/PCNet-Xmit/FlushLeftovers        0 times
00:01:53.977491 /PDM/Queue/PCNet-Xmit/Insert            0 calls
00:01:53.977491 /PDM/Queue/PCNet-Xmit/cItems            1 count
00:01:53.977491 /PDM/Queue/PCNet-Xmit/cbItem           24 bytes
00:01:53.977491 /PGM/CPU0/cA20Changes                   1 times
00:01:53.977491 /PGM/CPU0/cGuestModeChanges             3 times
00:01:53.977491 /PGM/ChunkR3Map/Mapped                  1 count
00:01:53.977491 /PGM/ChunkR3Map/Unmapped                0 count
00:01:53.977491 /PGM/ChunkR3Map/c                       1 count
00:01:53.977491 /PGM/ChunkR3Map/cMax             4294967295 count
00:01:53.977491 /PGM/LargePage/Recheck                  0 times
00:01:53.977491 /PGM/LargePage/Refused                  0 times
00:01:53.977491 /PGM/LargePage/Reused                   0 times
00:01:53.977491 /PGM/Page/cAllPages                 11172 count
00:01:53.977491 /PGM/Page/cBalloonedPages               0 count
00:01:53.977491 /PGM/Page/cHandyPages                  68 count
00:01:53.977491 /PGM/Page/cLargePages                   0 count
00:01:53.977491 /PGM/Page/cLargePagesDisabled           0 count
00:01:53.977491 /PGM/Page/cMonitoredPages               0 count
00:01:53.977491 /PGM/Page/cPrivatePages              3185 count
00:01:53.977491 /PGM/Page/cPureMmioPages                2 count
00:01:53.977491 /PGM/Page/cReadLockedPages              0 count
00:01:53.977491 /PGM/Page/cReusedSharedPages            0 count
00:01:53.977491 /PGM/Page/cSharedPages                  0 count
00:01:53.977491 /PGM/Page/cWriteLockedPages             0 count
00:01:53.977491 /PGM/Page/cWrittenToPages               0 count
00:01:53.977491 /PGM/Page/cZeroPages                 7985 count
00:01:53.977491 /PGM/ShMod/Check                        0 ticks/call (           0 ticks,       0 times, max         0, min      -1)
00:01:53.977491 /PGM/cRelocations                       0 times
00:01:53.977491 /PROF/CPU0/EM/Capped                    0 ticks/call (           0 ticks,       0 times, max         0, min      -1)
00:01:53.977491 /PROF/CPU0/EM/ForcedActions           464 times
00:01:53.977491 /PROF/CPU0/EM/Halted                  227 times
00:01:53.977491 /PROF/CPU0/EM/RAWTotal                  0 times
00:01:53.977491 /PROF/CPU0/EM/REMTotal                159 times
00:01:53.977491 /PROF/CPU0/EM/Total              245364427462 ticks/call (245364427462 ticks,       1 times, max 245364427462, min 245364427462)
00:01:53.977491 /PROF/VM/CPU0/Halt/Block           257780 ns/call (  2296825997 ticks,    8910 times, max  15643798, min       1)
00:01:53.977491 /PROF/VM/CPU0/Halt/BlockInsomnia        0 ns/call (           0 ticks,       0 times, max         0, min      -1)
00:01:53.977491 /PROF/VM/CPU0/Halt/BlockOnTime          0 ns/call (           0 ticks,       0 times, max         0, min      -1)
00:01:53.977491 /PROF/VM/CPU0/Halt/BlockOverslept        0 ns/call (           0 ticks,       0 times, max         0, min      -1)
00:01:53.977491 /PROF/VM/CPU0/Halt/Timers            1916 ns/call (    27643787 ticks,   14423 times, max   5358532, min       2)
00:01:53.977491 /PROF/VM/CPU0/Halt/Yield             8088 ns/call (        8088 ticks,       1 times, max      8088, min    8088)
00:01:53.977491 /REM/TbFlushCount                       0 times
00:01:53.977491 /REM/TbPhysInvldCount                  29 times
00:01:53.977491 /REM/TlbFlushCount                      5 times
00:01:53.977491 /SELM/HyperSels/Changed                 0 times
00:01:53.977491 /SELM/HyperSels/Scan                    0 times
00:01:53.977491 /SELM/LoadHidSel/GstReadErrors          0 times
00:01:53.977491 /SELM/LoadHidSel/NoGoodGuest            0 times
00:01:53.977491 /SELM/UpdateFromCPUM/AlreadyStaleCS        0 times
00:01:53.977491 /SELM/UpdateFromCPUM/AlreadyStaleDS        0 times
00:01:53.977491 /SELM/UpdateFromCPUM/AlreadyStaleES        0 times
00:01:53.977491 /SELM/UpdateFromCPUM/AlreadyStaleFS        0 times
00:01:53.977491 /SELM/UpdateFromCPUM/AlreadyStaleGS        0 times
00:01:53.977491 /SELM/UpdateFromCPUM/AlreadyStaleSS        0 times
00:01:53.977491 /SELM/UpdateFromCPUM/DetectedStaleCS        0 times
00:01:53.977491 /SELM/UpdateFromCPUM/DetectedStaleDS        0 times
00:01:53.977491 /SELM/UpdateFromCPUM/DetectedStaleES        0 times
00:01:53.977491 /SELM/UpdateFromCPUM/DetectedStaleFS        0 times
00:01:53.977491 /SELM/UpdateFromCPUM/DetectedStaleGS        0 times
00:01:53.977491 /SELM/UpdateFromCPUM/DetectedStaleSS        0 times
00:01:53.977491 /SELM/UpdateFromCPUM/StaleToUnstale        0 times
00:01:53.977491 /TM/CPU/00/cNsExecuting          109406412340 ns
00:01:53.977491 /TM/CPU/00/cNsHalted             2331232379 ns
00:01:53.977491 /TM/CPU/00/cNsOther              204228804 ns
00:01:53.977491 /TM/CPU/00/cNsTotal              111941873523 ns
00:01:53.977491 /TM/CPU/00/cPeriodsExecuting          396 count
00:01:53.977491 /TM/CPU/00/cPeriodsHalted             227 count
00:01:53.977491 /TM/CPU/00/pctExecuting                99 %
00:01:53.977491 /TM/CPU/00/pctHalted                    0 %
00:01:53.977491 /TM/CPU/00/pctOther                     0 %
00:01:53.977491 /TM/CPU/pctExecuting                   99 %
00:01:53.977491 /TM/CPU/pctHalted                       0 %
00:01:53.977491 /TM/CPU/pctOther                        0 %
00:01:53.977491 /TM/MaxHzHint                           0 Hz
00:01:53.977491 /TM/R3/1nsSteps                      1217 times
00:01:53.977491 /TM/TSC/offCPU0                         0 ticks
00:01:53.977491 /TM/VirtualSync/CurrentOffset           0 ns
00:01:53.977491 ********************* End of statistics **********************
00:01:53.977491 NAT: zone(nm:mbuf_cluster, used:0)
00:01:53.977491 NAT: zone(nm:mbuf_packet, used:0)
00:01:53.977491 NAT: zone(nm:mbuf, used:0)
00:01:53.977491 NAT: zone(nm:mbuf_jumbo_pagesize, used:0)
00:01:53.977562 NAT: zone(nm:mbuf_jumbo_9k, used:0)
00:01:53.977985 NAT: zone(nm:mbuf_jumbo_16k, used:0)
00:01:53.978211 NAT: zone(nm:mbuf_ext_refcnt, used:0)
00:01:53.984496 Changing the VM state from 'DESTROYING' to 'TERMINATED'.
00:01:54.300102 ERROR [COM]: aRC=E_ACCESSDENIED (0x80070005) aIID={db7ab4ca-2a3f-4183-9243-c1208da92392} aComponent={Console} aText={The virtual machine is not powered up}, preserve=false
