     1                                  ;Copyright (c) 2013, Daniel Lopez All rights reserved.
     2                                  
     3                                  ;Redistribution and use in source and binary forms, with or without modification, are permitted provided that the following conditions are met:
     4                                  
     5                                  ;Redistributions of source code must retain the above copyright notice, this list of conditions and the following disclaimer. Redistributions in binary form must reproduce the above copyright notice, this list of co
     6                                  
     7                                  
     8                                  [ORG 0x9999] ; All programs get loaded at 0x9999
     9                                  
    10                                  _start: ; ver.com's entry point label name can be anything really
    11                                  
    12 00000000 B8[0A00]                	mov ax, ver_str
    13 00000003 B700                    	mov bh, 0
    14 00000005 B30F                    	mov bl, 0xf
    15 00000007 CD21                    	int 21h ; print 
    16                                  	
    17 00000009 C3                      ret ; Return back to control
    18                                  
    19 0000000A 4D6F6E737465724F53-     ver_str: db 'MonsterOS Version 1.0', 0
    20 00000013 2056657273696F6E20-
    21 0000001C 312E3000           
    22                                  
